<?xml version="1.0" encoding="UTF-8"?>
<!-- Generated by org.testng.reporters.JUnitXMLReporter -->
<testsuite ignored="0" hostname="MT-5CD12778F2" failures="0" tests="4" name="Test" time="24.528" errors="0" timestamp="27 Oct 2021 08:34:52 GMT">
  <testcase classname="com.mindtree.runner.Tester" name="checkGooglePixel" time="1.047"/>
  <testcase classname="com.mindtree.runner.Tester" name="printThreeLinksUnderAppliances" time="0.363"/>
  <testcase classname="com.mindtree.runner.CheckLogin" name="checkIfLoggedIn" time="0.038"/>
  <testcase classname="com.mindtree.runner.CheckLogin" name="login" time="0.329"/>
</testsuite> <!-- Test -->
