<?xml version="1.0" encoding="UTF-8"?>
<testng-results ignored="0" total="4" passed="4" failed="0" skipped="0">
  <reporter-output>
  </reporter-output>
  <suite started-at="2021-10-27T08:34:27Z" name="Suite" finished-at="2021-10-27T08:34:52Z" duration-ms="24528">
    <groups>
    </groups>
    <test started-at="2021-10-27T08:34:27Z" name="Test" finished-at="2021-10-27T08:34:52Z" duration-ms="24528">
      <class name="com.mindtree.runner.Tester">
        <test-method is-config="true" signature="openWebpage()[pri:0, instance:com.mindtree.runner.Tester@49ff7d8c]" started-at="2021-10-27T08:34:27Z" name="openWebpage" finished-at="2021-10-27T08:34:33Z" duration-ms="5673" status="PASS">
          <reporter-output>
          </reporter-output>
        </test-method> <!-- openWebpage -->
        <test-method signature="checkGooglePixel()[pri:0, instance:com.mindtree.runner.Tester@49ff7d8c]" started-at="2021-10-27T08:34:33Z" name="checkGooglePixel" finished-at="2021-10-27T08:34:34Z" duration-ms="1047" status="PASS">
          <reporter-output>
          </reporter-output>
        </test-method> <!-- checkGooglePixel -->
        <test-method is-config="true" signature="closeInstance()[pri:0, instance:com.mindtree.runner.Tester@49ff7d8c]" started-at="2021-10-27T08:34:34Z" name="closeInstance" finished-at="2021-10-27T08:34:35Z" duration-ms="959" status="PASS">
          <reporter-output>
          </reporter-output>
        </test-method> <!-- closeInstance -->
        <test-method is-config="true" signature="openWebpage()[pri:0, instance:com.mindtree.runner.Tester@49ff7d8c]" started-at="2021-10-27T08:34:35Z" name="openWebpage" finished-at="2021-10-27T08:34:39Z" duration-ms="3844" status="PASS">
          <reporter-output>
          </reporter-output>
        </test-method> <!-- openWebpage -->
        <test-method signature="printThreeLinksUnderAppliances()[pri:0, instance:com.mindtree.runner.Tester@49ff7d8c]" started-at="2021-10-27T08:34:39Z" name="printThreeLinksUnderAppliances" finished-at="2021-10-27T08:34:39Z" duration-ms="363" status="PASS">
          <reporter-output>
          </reporter-output>
        </test-method> <!-- printThreeLinksUnderAppliances -->
        <test-method is-config="true" signature="closeInstance()[pri:0, instance:com.mindtree.runner.Tester@49ff7d8c]" started-at="2021-10-27T08:34:39Z" name="closeInstance" finished-at="2021-10-27T08:34:40Z" duration-ms="955" status="PASS">
          <reporter-output>
          </reporter-output>
        </test-method> <!-- closeInstance -->
      </class> <!-- com.mindtree.runner.Tester -->
      <class name="com.mindtree.runner.CheckLogin">
        <test-method is-config="true" signature="openWebpage()[pri:0, instance:com.mindtree.runner.CheckLogin@29526c05]" started-at="2021-10-27T08:34:40Z" name="openWebpage" finished-at="2021-10-27T08:34:44Z" duration-ms="3932" status="PASS">
          <reporter-output>
          </reporter-output>
        </test-method> <!-- openWebpage -->
        <test-method signature="checkIfLoggedIn()[pri:0, instance:com.mindtree.runner.CheckLogin@29526c05]" started-at="2021-10-27T08:34:44Z" name="checkIfLoggedIn" finished-at="2021-10-27T08:34:44Z" duration-ms="38" status="PASS">
          <reporter-output>
          </reporter-output>
        </test-method> <!-- checkIfLoggedIn -->
        <test-method is-config="true" signature="closeInstance()[pri:0, instance:com.mindtree.runner.CheckLogin@29526c05]" started-at="2021-10-27T08:34:45Z" name="closeInstance" finished-at="2021-10-27T08:34:46Z" duration-ms="916" status="PASS">
          <reporter-output>
          </reporter-output>
        </test-method> <!-- closeInstance -->
        <test-method is-config="true" signature="openWebpage()[pri:0, instance:com.mindtree.runner.CheckLogin@29526c05]" started-at="2021-10-27T08:34:46Z" name="openWebpage" finished-at="2021-10-27T08:34:50Z" duration-ms="4267" status="PASS">
          <reporter-output>
          </reporter-output>
        </test-method> <!-- openWebpage -->
        <test-method signature="login()[pri:0, instance:com.mindtree.runner.CheckLogin@29526c05]" started-at="2021-10-27T08:34:50Z" name="login" finished-at="2021-10-27T08:34:50Z" depends-on-methods="com.mindtree.runner.CheckLogin.checkIfLoggedIn" duration-ms="329" status="PASS">
          <reporter-output>
          </reporter-output>
        </test-method> <!-- login -->
        <test-method is-config="true" signature="closeInstance()[pri:0, instance:com.mindtree.runner.CheckLogin@29526c05]" started-at="2021-10-27T08:34:51Z" name="closeInstance" finished-at="2021-10-27T08:34:52Z" duration-ms="963" status="PASS">
          <reporter-output>
          </reporter-output>
        </test-method> <!-- closeInstance -->
      </class> <!-- com.mindtree.runner.CheckLogin -->
    </test> <!-- Test -->
  </suite> <!-- Suite -->
</testng-results>
